# JRE version: OpenJDK Runtime Environment (11.0.8+10) (build 11.0.8+10-post-Ubuntu-0ubuntu118.04.1)
# Java VM: OpenJDK 64-Bit Server VM (11.0.8+10-post-Ubuntu-0ubuntu118.04.1, mixed mode, tiered, compressed oops, g1 gc, linux-aarch64)
Heap:
 garbage-first heap   total 356352K, used 27887K [0x00000000c0000000, 0x0000000100000000)
  region size 1024K, 1 young (1024K), 1 survivors (1024K)
 Metaspace       used 12293K, capacity 12455K, committed 12800K, reserved 1060864K
  class space    used 1595K, capacity 1668K, committed 1792K, reserved 1048576K
GC Heap History (20 events):
Event: 77.704 GC heap after
{Heap after GC invocations=1 (full 0):
 garbage-first heap   total 126976K, used 2072K [0x00000000c0000000, 0x0000000100000000)
  region size 1024K, 2 young (2048K), 2 survivors (2048K)
 Metaspace       used 10880K, capacity 10982K, committed 11264K, reserved 1058816K
  class space    used 1398K, capacity 1479K, committed 1536K, reserved 1048576K
}
Event: 78.873 GC heap before
{Heap before GC invocations=1 (full 0):
 garbage-first heap   total 126976K, used 12312K [0x00000000c0000000, 0x0000000100000000)
  region size 1024K, 11 young (11264K), 2 survivors (2048K)
 Metaspace       used 11214K, capacity 11391K, committed 11520K, reserved 1058816K
  class space    used 1430K, capacity 1490K, committed 1536K, reserved 1048576K
}
Event: 78.892 GC heap after
{Heap after GC invocations=2 (full 0):
 garbage-first heap   total 126976K, used 5947K [0x00000000c0000000, 0x0000000100000000)
  region size 1024K, 2 young (2048K), 2 survivors (2048K)
 Metaspace       used 11214K, capacity 11391K, committed 11520K, reserved 1058816K
  class space    used 1430K, capacity 1490K, committed 1536K, reserved 1048576K
}
Event: 79.413 GC heap before
{Heap before GC invocations=2 (full 0):
 garbage-first heap   total 126976K, used 14139K [0x00000000c0000000, 0x0000000100000000)
  region size 1024K, 6 young (6144K), 2 survivors (2048K)
 Metaspace       used 11225K, capacity 11391K, committed 11520K, reserved 1058816K
  class space    used 1430K, capacity 1490K, committed 1536K, reserved 1048576K
}
Event: 79.427 GC heap after
{Heap after GC invocations=3 (full 0):
 garbage-first heap   total 126976K, used 11053K [0x00000000c0000000, 0x0000000100000000)
  region size 1024K, 1 young (1024K), 1 survivors (1024K)
 Metaspace       used 11225K, capacity 11391K, committed 11520K, reserved 1058816K
  class space    used 1430K, capacity 1490K, committed 1536K, reserved 1048576K
}
Event: 80.492 GC heap before
{Heap before GC invocations=3 (full 0):
 garbage-first heap   total 126976K, used 22317K [0x00000000c0000000, 0x0000000100000000)
  region size 1024K, 12 young (12288K), 1 survivors (1024K)
 Metaspace       used 11507K, capacity 11635K, committed 11776K, reserved 1058816K
  class space    used 1467K, capacity 1531K, committed 1536K, reserved 1048576K
}
Event: 80.507 GC heap after
{Heap after GC invocations=4 (full 0):
 garbage-first heap   total 126976K, used 13894K [0x00000000c0000000, 0x0000000100000000)
  region size 1024K, 2 young (2048K), 2 survivors (2048K)
 Metaspace       used 11507K, capacity 11635K, committed 11776K, reserved 1058816K
  class space    used 1467K, capacity 1531K, committed 1536K, reserved 1048576K
}
Event: 81.069 GC heap before
{Heap before GC invocations=4 (full 0):
 garbage-first heap   total 126976K, used 42566K [0x00000000c0000000, 0x0000000100000000)
  region size 1024K, 30 young (30720K), 2 survivors (2048K)
 Metaspace       used 12013K, capacity 12201K, committed 12416K, reserved 1060864K
  class space    used 1542K, capacity 1623K, committed 1664K, reserved 1048576K
}
Event: 81.091 GC heap after
{Heap after GC invocations=5 (full 0):
 garbage-first heap   total 126976K, used 16339K [0x00000000c0000000, 0x0000000100000000)
  region size 1024K, 4 young (4096K), 4 survivors (4096K)
 Metaspace       used 12013K, capacity 12201K, committed 12416K, reserved 1060864K
  class space    used 1542K, capacity 1623K, committed 1664K, reserved 1048576K
}
Event: 81.614 GC heap before
{Heap before GC invocations=5 (full 0):
 garbage-first heap   total 126976K, used 59347K [0x00000000c0000000, 0x0000000100000000)
  region size 1024K, 46 young (47104K), 4 survivors (4096K)
 Metaspace       used 12018K, capacity 12206K, committed 12416K, reserved 1060864K
  class space    used 1544K, capacity 1626K, committed 1664K, reserved 1048576K
}
Event: 81.695 GC heap after
{Heap after GC invocations=6 (full 0):
 garbage-first heap   total 126976K, used 20122K [0x00000000c0000000, 0x0000000100000000)
  region size 1024K, 6 young (6144K), 6 survivors (6144K)
 Metaspace       used 12018K, capacity 12206K, committed 12416K, reserved 1060864K
  class space    used 1544K, capacity 1626K, committed 1664K, reserved 1048576K
}
Event: 84.170 GC heap before
{Heap before GC invocations=6 (full 0):
 garbage-first heap   total 126976K, used 71322K [0x00000000c0000000, 0x0000000100000000)
  region size 1024K, 55 young (56320K), 6 survivors (6144K)
 Metaspace       used 12292K, capacity 12455K, committed 12800K, reserved 1060864K
  class space    used 1595K, capacity 1668K, committed 1792K, reserved 1048576K
}
Event: 84.418 GC heap after
{Heap after GC invocations=7 (full 0):
 garbage-first heap   total 126976K, used 21069K [0x00000000c0000000, 0x0000000100000000)
  region size 1024K, 5 young (5120K), 5 survivors (5120K)
 Metaspace       used 12292K, capacity 12455K, committed 12800K, reserved 1060864K
  class space    used 1595K, capacity 1668K, committed 1792K, reserved 1048576K
}
Event: 88.029 GC heap before
{Heap before GC invocations=7 (full 0):
 garbage-first heap   total 126976K, used 90701K [0x00000000c0000000, 0x0000000100000000)
  region size 1024K, 73 young (74752K), 5 survivors (5120K)
 Metaspace       used 12292K, capacity 12455K, committed 12800K, reserved 1060864K
  class space    used 1595K, capacity 1668K, committed 1792K, reserved 1048576K
}
Event: 89.536 GC heap after
{Heap after GC invocations=8 (full 0):
 garbage-first heap   total 126976K, used 26958K [0x00000000c0000000, 0x0000000100000000)
  region size 1024K, 10 young (10240K), 10 survivors (10240K)
 Metaspace       used 12292K, capacity 12455K, committed 12800K, reserved 1060864K
  class space    used 1595K, capacity 1668K, committed 1792K, reserved 1048576K
}
Event: 96.134 GC heap before
{Heap before GC invocations=8 (full 0):
 garbage-first heap   total 126976K, used 27982K [0x00000000c0000000, 0x0000000100000000)
  region size 1024K, 11 young (11264K), 10 survivors (10240K)
 Metaspace       used 12292K, capacity 12455K, committed 12800K, reserved 1060864K
  class space    used 1595K, capacity 1668K, committed 1792K, reserved 1048576K
}
Event: 108.493 GC heap after
{Heap after GC invocations=9 (full 0):
 garbage-first heap   total 126976K, used 27820K [0x00000000c0000000, 0x0000000100000000)
  region size 1024K, 2 young (2048K), 2 survivors (2048K)
 Metaspace       used 12292K, capacity 12455K, committed 12800K, reserved 1060864K
  class space    used 1595K, capacity 1668K, committed 1792K, reserved 1048576K
}
Event: 146.725 GC heap before
{Heap before GC invocations=9 (full 0):
 garbage-first heap   total 126976K, used 31916K [0x00000000c0000000, 0x0000000100000000)
  region size 1024K, 6 young (6144K), 2 survivors (2048K)
 Metaspace       used 12292K, capacity 12455K, committed 12800K, reserved 1060864K
  class space    used 1595K, capacity 1668K, committed 1792K, reserved 1048576K
}
Event: 165.636 GC heap after
{Heap after GC invocations=10 (full 0):
 garbage-first heap   total 126976K, used 27388K [0x00000000c0000000, 0x0000000100000000)
  region size 1024K, 1 young (1024K), 1 survivors (1024K)
 Metaspace       used 12292K, capacity 12455K, committed 12800K, reserved 1060864K
  class space    used 1595K, capacity 1668K, committed 1792K, reserved 1048576K
}
Event: 195.800 GC heap before
{Heap before GC invocations=10 (full 0):
 garbage-first heap   total 126976K, used 32508K [0x00000000c0000000, 0x0000000100000000)
  region size 1024K, 6 young (6144K), 1 survivors (1024K)
 Metaspace       used 12293K, capacity 12455K, committed 12800K, reserved 1060864K
  class space    used 1595K, capacity 1668K, committed 1792K, reserved 1048576K
}

